{"contracts/AuthorizationManager.sol":{"l":{"14":1,"15":1,"16":1,"20":1,"24":1,"28":1,"32":2,"36":2,"40":2},"path":"/Users/manthis/projects/alyra/alyra-certification/backend/contracts/AuthorizationManager.sol","s":{"1":2,"2":2,"3":2},"b":{"1":[1,0],"2":[1,0],"3":[1,0]},"f":{"1":1,"2":1,"3":1,"4":1,"5":2,"6":2,"7":2},"fnMap":{"1":{"name":"constructor","line":13,"loc":{"start":{"line":13,"column":4},"end":{"line":17,"column":4}}},"2":{"name":"setDoctorsMerkleRoot","line":19,"loc":{"start":{"line":19,"column":4},"end":{"line":21,"column":4}}},"3":{"name":"setPatientsMerkleRoot","line":23,"loc":{"start":{"line":23,"column":4},"end":{"line":25,"column":4}}},"4":{"name":"setPharmaciesMerkleRoot","line":27,"loc":{"start":{"line":27,"column":4},"end":{"line":29,"column":4}}},"5":{"name":"isDoctor","line":31,"loc":{"start":{"line":31,"column":4},"end":{"line":33,"column":4}}},"6":{"name":"isPatient","line":35,"loc":{"start":{"line":35,"column":4},"end":{"line":37,"column":4}}},"7":{"name":"isPharmacy","line":39,"loc":{"start":{"line":39,"column":4},"end":{"line":41,"column":4}}}},"statementMap":{"1":{"start":{"line":32,"column":8},"end":{"line":32,"column":99}},"2":{"start":{"line":36,"column":8},"end":{"line":36,"column":100}},"3":{"start":{"line":40,"column":8},"end":{"line":40,"column":102}}},"branchMap":{"1":{"line":19,"type":"if","locations":[{"start":{"line":19,"column":64},"end":{"line":19,"column":64}},{"start":{"line":19,"column":64},"end":{"line":19,"column":64}}]},"2":{"line":23,"type":"if","locations":[{"start":{"line":23,"column":65},"end":{"line":23,"column":65}},{"start":{"line":23,"column":65},"end":{"line":23,"column":65}}]},"3":{"line":27,"type":"if","locations":[{"start":{"line":27,"column":67},"end":{"line":27,"column":67}},{"start":{"line":27,"column":67},"end":{"line":27,"column":67}}]}}}}